<?xml version='1.0' encoding='UTF-8'?>
<testsuite hostname="Lenovo-PC" name="parserSpec" tests="19" errors="14" failures="1" time="-0.019">
                <properties>
[...]
</properties>
                <testcase classname="parserSpec" name="(It is not a test)" time="-0.001"> 
                    </testcase><testcase classname="parserSpec" name="(It is not a test)" time="-0.001"> 
                    </testcase><testcase classname="parserSpec" name="(It is not a test)" time="-0.001"> 
                    </testcase><testcase classname="parserSpec" name="(It is not a test)" time="-0.001"> 
                    </testcase><testcase classname="parserSpec" name="(It is not a test)" time="-0.001"> <failure message="Got the exception java.lang.IllegalArgumentException: FAILURE Could not parse 'x**y*x**z': `{' expected but `*' found" type="java.lang.Exception">java.lang.Exception: Got the exception java.lang.IllegalArgumentException: FAILURE Could not parse 'x**y*x**z': `{' expected but `*' found
	at parserSpec$$anonfun$2$$anonfun$apply$33.apply(Specs.scala:71)
	at parserSpec$$anonfun$2$$anonfun$apply$33.apply(Specs.scala:70)
</failure>
                    </testcase><testcase classname="parserSpec" name="(It is not a test)" time="-0.001"> <error message="BinExpr(+,IntNum(2),BinExpr(*,IntNum(3),IntNum(5))) (of class AST.BinExpr)" type="scala.MatchError">scala.MatchError: BinExpr(+,IntNum(2),BinExpr(*,IntNum(3),IntNum(5))) (of class AST.BinExpr)
	at simplifier.Simplifier$.simplify(simplifier.scala:13)
	at simplifier.Simplifier$.simplify(simplifier.scala:41)
	at simplifier.Simplifier$$anonfun$simplify$1.apply(simplifier.scala:28)
	at simplifier.Simplifier$$anonfun$simplify$1.apply(simplifier.scala:28)
	at simplifier.Simplifier$.simplify(simplifier.scala:28)
	at simplifier.Simplifier$.simplify(simplifier.scala:42)
	at simplifier.Simplifier$$anonfun$simplify$1.apply(simplifier.scala:28)
	at simplifier.Simplifier$$anonfun$simplify$1.apply(simplifier.scala:28)
	at simplifier.Simplifier$.simplify(simplifier.scala:28)
	at parserSpec.parseString(Specs.scala:15)
	at parserSpec$$anonfun$2$$anonfun$apply$52$$anonfun$apply$53.apply(Specs.scala:83)
	at parserSpec$$anonfun$2$$anonfun$apply$52$$anonfun$apply$53.apply(Specs.scala:83)
	at parserSpec$$anonfun$2$$anonfun$apply$52.apply(Specs.scala:83)
	at parserSpec$$anonfun$2$$anonfun$apply$52.apply(Specs.scala:82)
</error>
                    </testcase><testcase classname="parserSpec" name="(It is not a test)" time="-0.001"> <error message="BinExpr(/,Variable(x),Variable(x)) (of class AST.BinExpr)" type="scala.MatchError">scala.MatchError: BinExpr(/,Variable(x),Variable(x)) (of class AST.BinExpr)
	at simplifier.Simplifier$.simplify(simplifier.scala:13)
	at simplifier.Simplifier$.simplify(simplifier.scala:41)
	at simplifier.Simplifier$$anonfun$simplify$1.apply(simplifier.scala:28)
	at simplifier.Simplifier$$anonfun$simplify$1.apply(simplifier.scala:28)
	at simplifier.Simplifier$.simplify(simplifier.scala:28)
	at simplifier.Simplifier$.simplify(simplifier.scala:42)
	at simplifier.Simplifier$$anonfun$simplify$1.apply(simplifier.scala:28)
	at simplifier.Simplifier$$anonfun$simplify$1.apply(simplifier.scala:28)
	at simplifier.Simplifier$.simplify(simplifier.scala:28)
	at parserSpec.parseString(Specs.scala:15)
	at parserSpec$$anonfun$2$$anonfun$apply$59$$anonfun$apply$60.apply(Specs.scala:89)
	at parserSpec$$anonfun$2$$anonfun$apply$59$$anonfun$apply$60.apply(Specs.scala:89)
	at parserSpec$$anonfun$2$$anonfun$apply$59.apply(Specs.scala:89)
	at parserSpec$$anonfun$2$$anonfun$apply$59.apply(Specs.scala:88)
</error>
                    </testcase><testcase classname="parserSpec" name="(It is not a test)" time="-0.001"> <error message="BinExpr(+,Variable(x),IntNum(0)) (of class AST.BinExpr)" type="scala.MatchError">scala.MatchError: BinExpr(+,Variable(x),IntNum(0)) (of class AST.BinExpr)
	at simplifier.Simplifier$.simplify(simplifier.scala:13)
	at simplifier.Simplifier$.simplify(simplifier.scala:41)
	at simplifier.Simplifier$$anonfun$simplify$1.apply(simplifier.scala:28)
	at simplifier.Simplifier$$anonfun$simplify$1.apply(simplifier.scala:28)
	at simplifier.Simplifier$.simplify(simplifier.scala:28)
	at simplifier.Simplifier$.simplify(simplifier.scala:42)
	at simplifier.Simplifier$$anonfun$simplify$1.apply(simplifier.scala:28)
	at simplifier.Simplifier$$anonfun$simplify$1.apply(simplifier.scala:28)
	at simplifier.Simplifier$.simplify(simplifier.scala:28)
	at parserSpec.parseString(Specs.scala:15)
	at parserSpec$$anonfun$2$$anonfun$apply$74$$anonfun$apply$75.apply(Specs.scala:99)
	at parserSpec$$anonfun$2$$anonfun$apply$74$$anonfun$apply$75.apply(Specs.scala:99)
	at parserSpec$$anonfun$2$$anonfun$apply$74.apply(Specs.scala:99)
	at parserSpec$$anonfun$2$$anonfun$apply$74.apply(Specs.scala:98)
</error>
                    </testcase><testcase classname="parserSpec" name="(It is not a test)" time="-0.001"> <error message="BinExpr(-,BinExpr(+,Variable(x),IntNum(5)),Variable(x)) (of class AST.BinExpr)" type="scala.MatchError">scala.MatchError: BinExpr(-,BinExpr(+,Variable(x),IntNum(5)),Variable(x)) (of class AST.BinExpr)
	at simplifier.Simplifier$.simplify(simplifier.scala:13)
	at simplifier.Simplifier$.simplify(simplifier.scala:41)
	at simplifier.Simplifier$$anonfun$simplify$1.apply(simplifier.scala:28)
	at simplifier.Simplifier$$anonfun$simplify$1.apply(simplifier.scala:28)
	at simplifier.Simplifier$.simplify(simplifier.scala:28)
	at simplifier.Simplifier$.simplify(simplifier.scala:42)
	at simplifier.Simplifier$$anonfun$simplify$1.apply(simplifier.scala:28)
	at simplifier.Simplifier$$anonfun$simplify$1.apply(simplifier.scala:28)
	at simplifier.Simplifier$.simplify(simplifier.scala:28)
	at parserSpec.parseString(Specs.scala:15)
	at parserSpec$$anonfun$2$$anonfun$apply$115$$anonfun$apply$116.apply(Specs.scala:122)
	at parserSpec$$anonfun$2$$anonfun$apply$115$$anonfun$apply$116.apply(Specs.scala:122)
	at parserSpec$$anonfun$2$$anonfun$apply$115.apply(Specs.scala:122)
	at parserSpec$$anonfun$2$$anonfun$apply$115.apply(Specs.scala:121)
</error>
                    </testcase><testcase classname="parserSpec" name="(It is not a test)" time="-0.001"> <error message="BinExpr(-,BinExpr(*,IntNum(2),Variable(x)),Variable(x)) (of class AST.BinExpr)" type="scala.MatchError">scala.MatchError: BinExpr(-,BinExpr(*,IntNum(2),Variable(x)),Variable(x)) (of class AST.BinExpr)
	at simplifier.Simplifier$.simplify(simplifier.scala:13)
	at simplifier.Simplifier$.simplify(simplifier.scala:41)
	at simplifier.Simplifier$$anonfun$simplify$1.apply(simplifier.scala:28)
	at simplifier.Simplifier$$anonfun$simplify$1.apply(simplifier.scala:28)
	at simplifier.Simplifier$.simplify(simplifier.scala:28)
	at simplifier.Simplifier$.simplify(simplifier.scala:42)
	at simplifier.Simplifier$$anonfun$simplify$1.apply(simplifier.scala:28)
	at simplifier.Simplifier$$anonfun$simplify$1.apply(simplifier.scala:28)
	at simplifier.Simplifier$.simplify(simplifier.scala:28)
	at parserSpec.parseString(Specs.scala:15)
	at parserSpec$$anonfun$2$$anonfun$apply$122$$anonfun$apply$123.apply(Specs.scala:128)
	at parserSpec$$anonfun$2$$anonfun$apply$122$$anonfun$apply$123.apply(Specs.scala:128)
	at parserSpec$$anonfun$2$$anonfun$apply$122.apply(Specs.scala:128)
	at parserSpec$$anonfun$2$$anonfun$apply$122.apply(Specs.scala:127)
</error>
                    </testcase><testcase classname="parserSpec" name="(It is not a test)" time="-0.001"> <error message="Unary(not,Unary(not,Unary(not,Variable(x)))) (of class AST.Unary)" type="scala.MatchError">scala.MatchError: Unary(not,Unary(not,Unary(not,Variable(x)))) (of class AST.Unary)
	at simplifier.Simplifier$.simplify(simplifier.scala:39)
	at simplifier.Simplifier$$anonfun$simplify$1.apply(simplifier.scala:28)
	at simplifier.Simplifier$$anonfun$simplify$1.apply(simplifier.scala:28)
	at simplifier.Simplifier$.simplify(simplifier.scala:28)
	at simplifier.Simplifier$.simplify(simplifier.scala:42)
	at simplifier.Simplifier$$anonfun$simplify$1.apply(simplifier.scala:28)
	at simplifier.Simplifier$$anonfun$simplify$1.apply(simplifier.scala:28)
	at simplifier.Simplifier$.simplify(simplifier.scala:28)
	at parserSpec.parseString(Specs.scala:15)
	at parserSpec$$anonfun$2$$anonfun$apply$131$$anonfun$apply$132.apply(Specs.scala:135)
	at parserSpec$$anonfun$2$$anonfun$apply$131$$anonfun$apply$132.apply(Specs.scala:135)
	at parserSpec$$anonfun$2$$anonfun$apply$131.apply(Specs.scala:135)
	at parserSpec$$anonfun$2$$anonfun$apply$131.apply(Specs.scala:134)
</error>
                    </testcase><testcase classname="parserSpec" name="(It is not a test)" time="-0.001"> <error message="Unary(not,BinExpr(==,Variable(x),Variable(y))) (of class AST.Unary)" type="scala.MatchError">scala.MatchError: Unary(not,BinExpr(==,Variable(x),Variable(y))) (of class AST.Unary)
	at simplifier.Simplifier$.simplify(simplifier.scala:39)
	at simplifier.Simplifier$$anonfun$simplify$1.apply(simplifier.scala:28)
	at simplifier.Simplifier$$anonfun$simplify$1.apply(simplifier.scala:28)
	at simplifier.Simplifier$.simplify(simplifier.scala:28)
	at simplifier.Simplifier$.simplify(simplifier.scala:42)
	at simplifier.Simplifier$$anonfun$simplify$1.apply(simplifier.scala:28)
	at simplifier.Simplifier$$anonfun$simplify$1.apply(simplifier.scala:28)
	at simplifier.Simplifier$.simplify(simplifier.scala:28)
	at parserSpec.parseString(Specs.scala:15)
	at parserSpec$$anonfun$2$$anonfun$apply$136$$anonfun$apply$137.apply(Specs.scala:140)
	at parserSpec$$anonfun$2$$anonfun$apply$136$$anonfun$apply$137.apply(Specs.scala:140)
	at parserSpec$$anonfun$2$$anonfun$apply$136.apply(Specs.scala:140)
	at parserSpec$$anonfun$2$$anonfun$apply$136.apply(Specs.scala:139)
</error>
                    </testcase><testcase classname="parserSpec" name="(It is not a test)" time="-0.001"> <error message="KeyDatumList(List(KeyDatum(StringConst(&quot;a&quot;),IntNum(1)), KeyDatum(StringConst(&quot;b&quot;),IntNum(2)), KeyDatum(StringConst(&quot;a&quot;),IntNum(3)))) (of class AST.KeyDatumList)" type="scala.MatchError">scala.MatchError: KeyDatumList(List(KeyDatum(StringConst(&quot;a&quot;),IntNum(1)), KeyDatum(StringConst(&quot;b&quot;),IntNum(2)), KeyDatum(StringConst(&quot;a&quot;),IntNum(3)))) (of class AST.KeyDatumList)
	at simplifier.Simplifier$.simplify(simplifier.scala:39)
	at simplifier.Simplifier$$anonfun$simplify$1.apply(simplifier.scala:28)
	at simplifier.Simplifier$$anonfun$simplify$1.apply(simplifier.scala:28)
	at simplifier.Simplifier$.simplify(simplifier.scala:28)
	at simplifier.Simplifier$.simplify(simplifier.scala:42)
	at simplifier.Simplifier$$anonfun$simplify$1.apply(simplifier.scala:28)
	at simplifier.Simplifier$$anonfun$simplify$1.apply(simplifier.scala:28)
	at simplifier.Simplifier$.simplify(simplifier.scala:28)
	at parserSpec.parseString(Specs.scala:15)
	at parserSpec$$anonfun$2$$anonfun$apply$149$$anonfun$apply$150.apply(Specs.scala:149)
	at parserSpec$$anonfun$2$$anonfun$apply$149$$anonfun$apply$150.apply(Specs.scala:149)
	at parserSpec$$anonfun$2$$anonfun$apply$149.apply(Specs.scala:149)
	at parserSpec$$anonfun$2$$anonfun$apply$149.apply(Specs.scala:149)
</error>
                    </testcase><testcase classname="parserSpec" name="(It is not a test)" time="-0.001"> <error message="BinExpr(+,ElemList(List()),ElemList(List())) (of class AST.BinExpr)" type="scala.MatchError">scala.MatchError: BinExpr(+,ElemList(List()),ElemList(List())) (of class AST.BinExpr)
	at simplifier.Simplifier$.simplify(simplifier.scala:13)
	at simplifier.Simplifier$.simplify(simplifier.scala:41)
	at simplifier.Simplifier$$anonfun$simplify$1.apply(simplifier.scala:28)
	at simplifier.Simplifier$$anonfun$simplify$1.apply(simplifier.scala:28)
	at simplifier.Simplifier$.simplify(simplifier.scala:28)
	at simplifier.Simplifier$.simplify(simplifier.scala:42)
	at simplifier.Simplifier$$anonfun$simplify$1.apply(simplifier.scala:28)
	at simplifier.Simplifier$$anonfun$simplify$1.apply(simplifier.scala:28)
	at simplifier.Simplifier$.simplify(simplifier.scala:28)
	at parserSpec.parseString(Specs.scala:15)
	at parserSpec$$anonfun$2$$anonfun$apply$152$$anonfun$apply$153.apply(Specs.scala:153)
	at parserSpec$$anonfun$2$$anonfun$apply$152$$anonfun$apply$153.apply(Specs.scala:153)
	at parserSpec$$anonfun$2$$anonfun$apply$152.apply(Specs.scala:153)
	at parserSpec$$anonfun$2$$anonfun$apply$152.apply(Specs.scala:152)
</error>
                    </testcase><testcase classname="parserSpec" name="(It is not a test)" time="-0.001"> <error message="Assignment(Variable(x),Variable(x)) (of class AST.Assignment)" type="scala.MatchError">scala.MatchError: Assignment(Variable(x),Variable(x)) (of class AST.Assignment)
	at simplifier.Simplifier$.simplify(simplifier.scala:39)
	at simplifier.Simplifier$$anonfun$simplify$1.apply(simplifier.scala:28)
	at simplifier.Simplifier$$anonfun$simplify$1.apply(simplifier.scala:28)
	at simplifier.Simplifier$.simplify(simplifier.scala:28)
	at simplifier.Simplifier$.simplify(simplifier.scala:42)
	at simplifier.Simplifier$$anonfun$simplify$1.apply(simplifier.scala:28)
	at simplifier.Simplifier$$anonfun$simplify$1.apply(simplifier.scala:28)
	at simplifier.Simplifier$.simplify(simplifier.scala:28)
	at parserSpec.parseString(Specs.scala:15)
	at parserSpec$$anonfun$2$$anonfun$apply$161$$anonfun$apply$162.apply(Specs.scala:160)
	at parserSpec$$anonfun$2$$anonfun$apply$161$$anonfun$apply$162.apply(Specs.scala:160)
	at parserSpec$$anonfun$2$$anonfun$apply$161.apply(Specs.scala:160)
	at parserSpec$$anonfun$2$$anonfun$apply$161.apply(Specs.scala:160)
</error>
                    </testcase><testcase classname="parserSpec" name="(It is not a test)" time="-0.001"> <error message="Assignment(Variable(x),Variable(a)) (of class AST.Assignment)" type="scala.MatchError">scala.MatchError: Assignment(Variable(x),Variable(a)) (of class AST.Assignment)
	at simplifier.Simplifier$.simplify(simplifier.scala:39)
	at simplifier.Simplifier$$anonfun$simplify$1.apply(simplifier.scala:28)
	at simplifier.Simplifier$$anonfun$simplify$1.apply(simplifier.scala:28)
	at simplifier.Simplifier$.simplify(simplifier.scala:28)
	at simplifier.Simplifier$.simplify(simplifier.scala:42)
	at simplifier.Simplifier$$anonfun$simplify$1.apply(simplifier.scala:28)
	at simplifier.Simplifier$$anonfun$simplify$1.apply(simplifier.scala:28)
	at simplifier.Simplifier$.simplify(simplifier.scala:28)
	at parserSpec.parseString(Specs.scala:15)
	at parserSpec$$anonfun$2$$anonfun$apply$164$$anonfun$apply$165.apply(Specs.scala:164)
	at parserSpec$$anonfun$2$$anonfun$apply$164$$anonfun$apply$165.apply(Specs.scala:164)
	at parserSpec$$anonfun$2$$anonfun$apply$164.apply(Specs.scala:164)
	at parserSpec$$anonfun$2$$anonfun$apply$164.apply(Specs.scala:164)
</error>
                    </testcase><testcase classname="parserSpec" name="(It is not a test)" time="-0.001"> <error message="IfElifElse(TrueConst(),NodeList(List(NodeList(List(Assignment(Variable(x),IntNum(1)))))),ElIfList(List()),NodeList(List(NodeList(List(Assignment(Variable(x),IntNum(0))))))) (of class AST.IfElifElse)" type="scala.MatchError">scala.MatchError: IfElifElse(TrueConst(),NodeList(List(NodeList(List(Assignment(Variable(x),IntNum(1)))))),ElIfList(List()),NodeList(List(NodeList(List(Assignment(Variable(x),IntNum(0))))))) (of class AST.IfElifElse)
	at simplifier.Simplifier$.simplify(simplifier.scala:39)
	at simplifier.Simplifier$$anonfun$simplify$1.apply(simplifier.scala:28)
	at simplifier.Simplifier$$anonfun$simplify$1.apply(simplifier.scala:28)
	at simplifier.Simplifier$.simplify(simplifier.scala:28)
	at parserSpec.parseString(Specs.scala:15)
	at parserSpec$$anonfun$2$$anonfun$apply$167$$anonfun$apply$168.apply(Specs.scala:177)
	at parserSpec$$anonfun$2$$anonfun$apply$167$$anonfun$apply$168.apply(Specs.scala:177)
	at parserSpec$$anonfun$2$$anonfun$apply$167.apply(Specs.scala:177)
	at parserSpec$$anonfun$2$$anonfun$apply$167.apply(Specs.scala:167)
</error>
                    </testcase><testcase classname="parserSpec" name="(It is not a test)" time="-0.001"> <error message="Assignment(Variable(x),IfElseExpr(TrueConst(),Variable(y),Variable(z))) (of class AST.Assignment)" type="scala.MatchError">scala.MatchError: Assignment(Variable(x),IfElseExpr(TrueConst(),Variable(y),Variable(z))) (of class AST.Assignment)
	at simplifier.Simplifier$.simplify(simplifier.scala:39)
	at simplifier.Simplifier$$anonfun$simplify$1.apply(simplifier.scala:28)
	at simplifier.Simplifier$$anonfun$simplify$1.apply(simplifier.scala:28)
	at simplifier.Simplifier$.simplify(simplifier.scala:28)
	at simplifier.Simplifier$.simplify(simplifier.scala:42)
	at simplifier.Simplifier$$anonfun$simplify$1.apply(simplifier.scala:28)
	at simplifier.Simplifier$$anonfun$simplify$1.apply(simplifier.scala:28)
	at simplifier.Simplifier$.simplify(simplifier.scala:28)
	at parserSpec.parseString(Specs.scala:15)
	at parserSpec$$anonfun$2$$anonfun$apply$172$$anonfun$apply$173.apply(Specs.scala:183)
	at parserSpec$$anonfun$2$$anonfun$apply$172$$anonfun$apply$173.apply(Specs.scala:183)
	at parserSpec$$anonfun$2$$anonfun$apply$172.apply(Specs.scala:183)
	at parserSpec$$anonfun$2$$anonfun$apply$172.apply(Specs.scala:181)
</error>
                    </testcase><testcase classname="parserSpec" name="(It is not a test)" time="-0.001"> <error message="WhileInstr(FalseConst(),NodeList(List(NodeList(List(Assignment(Variable(x),BinExpr(+,Variable(x),IntNum(1)))))))) (of class AST.WhileInstr)" type="scala.MatchError">scala.MatchError: WhileInstr(FalseConst(),NodeList(List(NodeList(List(Assignment(Variable(x),BinExpr(+,Variable(x),IntNum(1)))))))) (of class AST.WhileInstr)
	at simplifier.Simplifier$.simplify(simplifier.scala:39)
	at simplifier.Simplifier$$anonfun$simplify$1.apply(simplifier.scala:28)
	at simplifier.Simplifier$$anonfun$simplify$1.apply(simplifier.scala:28)
	at simplifier.Simplifier$.simplify(simplifier.scala:28)
	at parserSpec.parseString(Specs.scala:15)
	at parserSpec$$anonfun$2$$anonfun$apply$177$$anonfun$apply$178.apply(Specs.scala:193)
	at parserSpec$$anonfun$2$$anonfun$apply$177$$anonfun$apply$178.apply(Specs.scala:193)
	at parserSpec$$anonfun$2$$anonfun$apply$177.apply(Specs.scala:193)
	at parserSpec$$anonfun$2$$anonfun$apply$177.apply(Specs.scala:187)
</error>
                    </testcase>
                <system-out></system-out>
                <system-err></system-err>
                </testsuite>