<?xml version='1.0' encoding='UTF-8'?>
<testsuite hostname="Vobis-Komputer" name="parserSpec" tests="19" errors="0" failures="15" time="-0.019">
                <properties>
[...]
</properties>
                <testcase classname="parserSpec" name="(It is not a test)" time="-0.001"> 
                    </testcase><testcase classname="parserSpec" name="(It is not a test)" time="-0.001"> 
                    </testcase><testcase classname="parserSpec" name="(It is not a test)" time="-0.001"> 
                    </testcase><testcase classname="parserSpec" name="(It is not a test)" time="-0.001"> 
                    </testcase><testcase classname="parserSpec" name="(It is not a test)" time="-0.001"> <failure message="Got the exception java.lang.IllegalArgumentException: FAILURE Could not parse 'x**y*x**z': `{' expected but `*' found" type="java.lang.Exception">java.lang.Exception: Got the exception java.lang.IllegalArgumentException: FAILURE Could not parse 'x**y*x**z': `{' expected but `*' found
	at parserSpec$$anonfun$2$$anonfun$apply$31.apply(Specs.scala:71)
	at parserSpec$$anonfun$2$$anonfun$apply$31.apply(Specs.scala:70)
</failure>
                    </testcase><testcase classname="parserSpec" name="(It is not a test)" time="-0.001"> <failure message="'NodeList(List(NodeList(List(BinExpr(+,IntNum(2),BinExpr(*,IntNum(3),IntNum(5)))))))'

 is not equal to 

'NodeList(List(NodeList(List(IntNum(17)))))'" type="java.lang.Exception">java.lang.Exception: 'NodeList(List(NodeList(List(BinExpr(+,IntNum(2),BinExpr(*,IntNum(3),IntNum(5)))))))'

 is not equal to 

'NodeList(List(NodeList(List(IntNum(17)))))'
	at parserSpec$$anonfun$2$$anonfun$apply$50.apply(Specs.scala:83)
	at parserSpec$$anonfun$2$$anonfun$apply$50.apply(Specs.scala:82)
</failure>
                    </testcase><testcase classname="parserSpec" name="(It is not a test)" time="-0.001"> <failure message="'NodeList(List(NodeList(List(BinExpr(/,Variable(x),Variable(x))))))'

 is not equal to 

'NodeList(List(NodeList(List(IntNum(1)))))'" type="java.lang.Exception">java.lang.Exception: 'NodeList(List(NodeList(List(BinExpr(/,Variable(x),Variable(x))))))'

 is not equal to 

'NodeList(List(NodeList(List(IntNum(1)))))'
	at parserSpec$$anonfun$2$$anonfun$apply$57.apply(Specs.scala:89)
	at parserSpec$$anonfun$2$$anonfun$apply$57.apply(Specs.scala:88)
</failure>
                    </testcase><testcase classname="parserSpec" name="(It is not a test)" time="-0.001"> <failure message="'NodeList(List(NodeList(List(BinExpr(+,Variable(x),IntNum(0))))))'

 is not equal to 

'NodeList(List(NodeList(List(Variable(x)))))'" type="java.lang.Exception">java.lang.Exception: 'NodeList(List(NodeList(List(BinExpr(+,Variable(x),IntNum(0))))))'

 is not equal to 

'NodeList(List(NodeList(List(Variable(x)))))'
	at parserSpec$$anonfun$2$$anonfun$apply$72.apply(Specs.scala:99)
	at parserSpec$$anonfun$2$$anonfun$apply$72.apply(Specs.scala:98)
</failure>
                    </testcase><testcase classname="parserSpec" name="(It is not a test)" time="-0.001"> <failure message="'NodeList(List(NodeList(List(BinExpr(-,BinExpr(+,Variable(x),IntNum(5)),Variable(x))))))'

 is not equal to 

'NodeList(List(NodeList(List(IntNum(5)))))'" type="java.lang.Exception">java.lang.Exception: 'NodeList(List(NodeList(List(BinExpr(-,BinExpr(+,Variable(x),IntNum(5)),Variable(x))))))'

 is not equal to 

'NodeList(List(NodeList(List(IntNum(5)))))'
	at parserSpec$$anonfun$2$$anonfun$apply$113.apply(Specs.scala:122)
	at parserSpec$$anonfun$2$$anonfun$apply$113.apply(Specs.scala:121)
</failure>
                    </testcase><testcase classname="parserSpec" name="(It is not a test)" time="-0.001"> <failure message="'NodeList(List(NodeList(List(BinExpr(-,BinExpr(*,IntNum(2),Variable(x)),Variable(x))))))'

 is not equal to 

'NodeList(List(NodeList(List(Variable(x)))))'" type="java.lang.Exception">java.lang.Exception: 'NodeList(List(NodeList(List(BinExpr(-,BinExpr(*,IntNum(2),Variable(x)),Variable(x))))))'

 is not equal to 

'NodeList(List(NodeList(List(Variable(x)))))'
	at parserSpec$$anonfun$2$$anonfun$apply$120.apply(Specs.scala:128)
	at parserSpec$$anonfun$2$$anonfun$apply$120.apply(Specs.scala:127)
</failure>
                    </testcase><testcase classname="parserSpec" name="(It is not a test)" time="-0.001"> <failure message="'NodeList(List(NodeList(List(Unary(not,Unary(not,Unary(not,Variable(x))))))))'

 is not equal to 

'NodeList(List(NodeList(List(Unary(not,Variable(x))))))'" type="java.lang.Exception">java.lang.Exception: 'NodeList(List(NodeList(List(Unary(not,Unary(not,Unary(not,Variable(x))))))))'

 is not equal to 

'NodeList(List(NodeList(List(Unary(not,Variable(x))))))'
	at parserSpec$$anonfun$2$$anonfun$apply$129.apply(Specs.scala:135)
	at parserSpec$$anonfun$2$$anonfun$apply$129.apply(Specs.scala:134)
</failure>
                    </testcase><testcase classname="parserSpec" name="(It is not a test)" time="-0.001"> <failure message="'NodeList(List(NodeList(List(Unary(not,BinExpr(==,Variable(x),Variable(y)))))))'

 is not equal to 

'NodeList(List(NodeList(List(BinExpr(!=,Variable(x),Variable(y))))))'" type="java.lang.Exception">java.lang.Exception: 'NodeList(List(NodeList(List(Unary(not,BinExpr(==,Variable(x),Variable(y)))))))'

 is not equal to 

'NodeList(List(NodeList(List(BinExpr(!=,Variable(x),Variable(y))))))'
	at parserSpec$$anonfun$2$$anonfun$apply$134.apply(Specs.scala:140)
	at parserSpec$$anonfun$2$$anonfun$apply$134.apply(Specs.scala:139)
</failure>
                    </testcase><testcase classname="parserSpec" name="(It is not a test)" time="-0.001"> <failure message="'NodeList(List(NodeList(List(KeyDatumList(List(KeyDatum(StringConst(&quot;a&quot;),IntNum(1)), KeyDatum(StringConst(&quot;b&quot;),IntNum(2)), KeyDatum(StringConst(&quot;a&quot;),IntNum(3))))))))'

 is not equal to 

'NodeList(List(NodeList(List(KeyDatumList(List(KeyDatum(StringConst(&quot;a&quot;),IntNum(3)), KeyDatum(StringConst(&quot;b&quot;),IntNum(2))))))))'" type="java.lang.Exception">java.lang.Exception: 'NodeList(List(NodeList(List(KeyDatumList(List(KeyDatum(StringConst(&quot;a&quot;),IntNum(1)), KeyDatum(StringConst(&quot;b&quot;),IntNum(2)), KeyDatum(StringConst(&quot;a&quot;),IntNum(3))))))))'

 is not equal to 

'NodeList(List(NodeList(List(KeyDatumList(List(KeyDatum(StringConst(&quot;a&quot;),IntNum(3)), KeyDatum(StringConst(&quot;b&quot;),IntNum(2))))))))'
	at parserSpec$$anonfun$2$$anonfun$apply$147.apply(Specs.scala:149)
	at parserSpec$$anonfun$2$$anonfun$apply$147.apply(Specs.scala:149)
</failure>
                    </testcase><testcase classname="parserSpec" name="(It is not a test)" time="-0.001"> <failure message="'NodeList(List(NodeList(List(BinExpr(+,ElemList(List()),ElemList(List()))))))'

 is not equal to 

'NodeList(List(NodeList(List(ElemList(List())))))'" type="java.lang.Exception">java.lang.Exception: 'NodeList(List(NodeList(List(BinExpr(+,ElemList(List()),ElemList(List()))))))'

 is not equal to 

'NodeList(List(NodeList(List(ElemList(List())))))'
	at parserSpec$$anonfun$2$$anonfun$apply$150.apply(Specs.scala:153)
	at parserSpec$$anonfun$2$$anonfun$apply$150.apply(Specs.scala:152)
</failure>
                    </testcase><testcase classname="parserSpec" name="(It is not a test)" time="-0.001"> <failure message="'NodeList(List(NodeList(List(Assignment(Variable(x),Variable(x))))))'

 is not equal to 

'NodeList(List())'" type="java.lang.Exception">java.lang.Exception: 'NodeList(List(NodeList(List(Assignment(Variable(x),Variable(x))))))'

 is not equal to 

'NodeList(List())'
	at parserSpec$$anonfun$2$$anonfun$apply$159.apply(Specs.scala:160)
	at parserSpec$$anonfun$2$$anonfun$apply$159.apply(Specs.scala:160)
</failure>
                    </testcase><testcase classname="parserSpec" name="(It is not a test)" time="-0.001"> <failure message="'NodeList(List(NodeList(List(Assignment(Variable(x),Variable(a)), Assignment(Variable(x),Variable(b))))))'

 is not equal to 

'NodeList(List(NodeList(List(Assignment(Variable(x),Variable(b))))))'" type="java.lang.Exception">java.lang.Exception: 'NodeList(List(NodeList(List(Assignment(Variable(x),Variable(a)), Assignment(Variable(x),Variable(b))))))'

 is not equal to 

'NodeList(List(NodeList(List(Assignment(Variable(x),Variable(b))))))'
	at parserSpec$$anonfun$2$$anonfun$apply$162.apply(Specs.scala:164)
	at parserSpec$$anonfun$2$$anonfun$apply$162.apply(Specs.scala:164)
</failure>
                    </testcase><testcase classname="parserSpec" name="(It is not a test)" time="-0.001"> <failure message="'NodeList(List(IfElifElse(TrueConst(),NodeList(List(NodeList(List(Assignment(Variable(x),IntNum(1)))))),ElIfList(List()),NodeList(List(NodeList(List(Assignment(Variable(x),IntNum(0)))))))))'

 is not equal to 

'NodeList(List(NodeList(List(Assignment(Variable(x),IntNum(1))))))'" type="java.lang.Exception">java.lang.Exception: 'NodeList(List(IfElifElse(TrueConst(),NodeList(List(NodeList(List(Assignment(Variable(x),IntNum(1)))))),ElIfList(List()),NodeList(List(NodeList(List(Assignment(Variable(x),IntNum(0)))))))))'

 is not equal to 

'NodeList(List(NodeList(List(Assignment(Variable(x),IntNum(1))))))'
	at parserSpec$$anonfun$2$$anonfun$apply$165.apply(Specs.scala:177)
	at parserSpec$$anonfun$2$$anonfun$apply$165.apply(Specs.scala:167)
</failure>
                    </testcase><testcase classname="parserSpec" name="(It is not a test)" time="-0.001"> <failure message="'NodeList(List(NodeList(List(Assignment(Variable(x),IfElseExpr(TrueConst(),Variable(y),Variable(z)))))))'

 is not equal to 

'NodeList(List(NodeList(List(Assignment(Variable(x),Variable(y))))))'" type="java.lang.Exception">java.lang.Exception: 'NodeList(List(NodeList(List(Assignment(Variable(x),IfElseExpr(TrueConst(),Variable(y),Variable(z)))))))'

 is not equal to 

'NodeList(List(NodeList(List(Assignment(Variable(x),Variable(y))))))'
	at parserSpec$$anonfun$2$$anonfun$apply$170.apply(Specs.scala:183)
	at parserSpec$$anonfun$2$$anonfun$apply$170.apply(Specs.scala:181)
</failure>
                    </testcase><testcase classname="parserSpec" name="(It is not a test)" time="-0.001"> <failure message="'NodeList(List(WhileInstr(FalseConst(),NodeList(List(NodeList(List(Assignment(Variable(x),BinExpr(+,Variable(x),IntNum(1))))))))))'

 is not equal to 

'NodeList(List())'" type="java.lang.Exception">java.lang.Exception: 'NodeList(List(WhileInstr(FalseConst(),NodeList(List(NodeList(List(Assignment(Variable(x),BinExpr(+,Variable(x),IntNum(1))))))))))'

 is not equal to 

'NodeList(List())'
	at parserSpec$$anonfun$2$$anonfun$apply$175.apply(Specs.scala:193)
	at parserSpec$$anonfun$2$$anonfun$apply$175.apply(Specs.scala:187)
</failure>
                    </testcase>
                <system-out></system-out>
                <system-err></system-err>
                </testsuite>